<?xml version="1.0" encoding="UTF-8"?>
<!-- Generated by org.testng.reporters.JUnitXMLReporter -->
<testsuite ignored="0" hostname="DESKTOP-I4STILT" failures="0" tests="4" name="Default test" time="40.317" errors="0" timestamp="09 thg 4 2023 03:11:36 GMT">
  <testcase classname="Auto_test.topic_05_webBrowser" name="Navigate_funtion" time="14.545"/>
  <testcase classname="Auto_test.topic_05_webBrowser" name="TC_01_Verify_Url" time="8.373"/>
  <testcase classname="Auto_test.topic_05_webBrowser" name="Verify_Title" time="8.569"/>
  <testcase classname="Auto_test.topic_05_webBrowser" name="get_page_source_code" time="6.384"/>
</testsuite> <!-- Default test -->
